INFO:root: Number of Bo4ki == 25
INFO:root: In the Bag: [1, 2, 3, 4, 5, 6, 7, 8, 9, 10, 11, 12, 13, 14, 15, 16, 17, 18, 19, 20, 21, 22, 23, 24, 25]
INFO:root: Button pressed: 1
INFO:root: Bo4ka #15 removed from Bag
INFO:root: [1, 2, 3, 4, 5, 6, 7, 8, 9, 10, 11, 12, 13, 14, 16, 17, 18, 19, 20, 21, 22, 23, 24, 25] left in Bag
INFO:root: [15] on Table
INFO:root: Button pressed: 1
INFO:root: Bo4ka #19 removed from Bag
INFO:root: [1, 2, 3, 4, 5, 6, 7, 8, 9, 10, 11, 12, 13, 14, 16, 17, 18, 20, 21, 22, 23, 24, 25] left in Bag
INFO:root: [15, 19] on Table
INFO:root: Button pressed: 1
INFO:root: Bo4ka #24 removed from Bag
INFO:root: [1, 2, 3, 4, 5, 6, 7, 8, 9, 10, 11, 12, 13, 14, 16, 17, 18, 20, 21, 22, 23, 25] left in Bag
INFO:root: [15, 19, 24] on Table
INFO:root: Button pressed: 1
INFO:root: Bo4ka #18 removed from Bag
INFO:root: [1, 2, 3, 4, 5, 6, 7, 8, 9, 10, 11, 12, 13, 14, 16, 17, 20, 21, 22, 23, 25] left in Bag
INFO:root: [15, 19, 24, 18] on Table
INFO:root: Button pressed: 1
INFO:root: Bo4ka #17 removed from Bag
INFO:root: [1, 2, 3, 4, 5, 6, 7, 8, 9, 10, 11, 12, 13, 14, 16, 20, 21, 22, 23, 25] left in Bag
INFO:root: [15, 19, 24, 18, 17] on Table
INFO:root: Button pressed: 1
INFO:root: Bo4ka #9 removed from Bag
INFO:root: [1, 2, 3, 4, 5, 6, 7, 8, 10, 11, 12, 13, 14, 16, 20, 21, 22, 23, 25] left in Bag
INFO:root: [15, 19, 24, 18, 17, 9] on Table
INFO:root: Button pressed: 1
INFO:root: Bo4ka #13 removed from Bag
INFO:root: [1, 2, 3, 4, 5, 6, 7, 8, 10, 11, 12, 14, 16, 20, 21, 22, 23, 25] left in Bag
INFO:root: [15, 19, 24, 18, 17, 9, 13] on Table
INFO:root: Button pressed: 1
INFO:root: Bo4ka #25 removed from Bag
INFO:root: [1, 2, 3, 4, 5, 6, 7, 8, 10, 11, 12, 14, 16, 20, 21, 22, 23] left in Bag
INFO:root: [15, 19, 24, 18, 17, 9, 13, 25] on Table
INFO:root: Button pressed: 1
INFO:root: Bo4ka #12 removed from Bag
INFO:root: [1, 2, 3, 4, 5, 6, 7, 8, 10, 11, 14, 16, 20, 21, 22, 23] left in Bag
INFO:root: [15, 19, 24, 18, 17, 9, 13, 25, 12] on Table
INFO:root: Button pressed: 1
INFO:root: Bo4ka #20 removed from Bag
INFO:root: [1, 2, 3, 4, 5, 6, 7, 8, 10, 11, 14, 16, 21, 22, 23] left in Bag
INFO:root: [15, 19, 24, 18, 17, 9, 13, 25, 12, 20] on Table
INFO:root: Button pressed: 1
INFO:root: Bo4ka #10 removed from Bag
INFO:root: [1, 2, 3, 4, 5, 6, 7, 8, 11, 14, 16, 21, 22, 23] left in Bag
INFO:root: [15, 19, 24, 18, 17, 9, 13, 25, 12, 20, 10] on Table
INFO:root: Button pressed: 1
INFO:root: Bo4ka #1 removed from Bag
INFO:root: [2, 3, 4, 5, 6, 7, 8, 11, 14, 16, 21, 22, 23] left in Bag
INFO:root: [15, 19, 24, 18, 17, 9, 13, 25, 12, 20, 10, 1] on Table
INFO:root: Button pressed: 1
INFO:root: Bo4ka #8 removed from Bag
INFO:root: [2, 3, 4, 5, 6, 7, 11, 14, 16, 21, 22, 23] left in Bag
INFO:root: [15, 19, 24, 18, 17, 9, 13, 25, 12, 20, 10, 1, 8] on Table
INFO:root: Button pressed: 1
INFO:root: Bo4ka #2 removed from Bag
INFO:root: [3, 4, 5, 6, 7, 11, 14, 16, 21, 22, 23] left in Bag
INFO:root: [15, 19, 24, 18, 17, 9, 13, 25, 12, 20, 10, 1, 8, 2] on Table
INFO:root: Button pressed: 1
INFO:root: Bo4ka #4 removed from Bag
INFO:root: [3, 5, 6, 7, 11, 14, 16, 21, 22, 23] left in Bag
INFO:root: [15, 19, 24, 18, 17, 9, 13, 25, 12, 20, 10, 1, 8, 2, 4] on Table
INFO:root: Button pressed: 1
INFO:root: Bo4ka #3 removed from Bag
INFO:root: [5, 6, 7, 11, 14, 16, 21, 22, 23] left in Bag
INFO:root: [15, 19, 24, 18, 17, 9, 13, 25, 12, 20, 10, 1, 8, 2, 4, 3] on Table
INFO:root: Button pressed: 1
INFO:root: Bo4ka #22 removed from Bag
INFO:root: [5, 6, 7, 11, 14, 16, 21, 23] left in Bag
INFO:root: [15, 19, 24, 18, 17, 9, 13, 25, 12, 20, 10, 1, 8, 2, 4, 3, 22] on Table
INFO:root: Button pressed: 1
INFO:root: Bo4ka #14 removed from Bag
INFO:root: [5, 6, 7, 11, 16, 21, 23] left in Bag
INFO:root: [15, 19, 24, 18, 17, 9, 13, 25, 12, 20, 10, 1, 8, 2, 4, 3, 22, 14] on Table
INFO:root: Button pressed: 1
INFO:root: Bo4ka #23 removed from Bag
INFO:root: [5, 6, 7, 11, 16, 21] left in Bag
INFO:root: [15, 19, 24, 18, 17, 9, 13, 25, 12, 20, 10, 1, 8, 2, 4, 3, 22, 14, 23] on Table
INFO:root: Button pressed: 1
INFO:root: Bo4ka #7 removed from Bag
INFO:root: [5, 6, 11, 16, 21] left in Bag
INFO:root: [15, 19, 24, 18, 17, 9, 13, 25, 12, 20, 10, 1, 8, 2, 4, 3, 22, 14, 23, 7] on Table
INFO:root: Button pressed: 1
INFO:root: Bo4ka #11 removed from Bag
INFO:root: [5, 6, 16, 21] left in Bag
INFO:root: [15, 19, 24, 18, 17, 9, 13, 25, 12, 20, 10, 1, 8, 2, 4, 3, 22, 14, 23, 7, 11] on Table
INFO:root: Button pressed: 1
INFO:root: Bo4ka #6 removed from Bag
INFO:root: [5, 16, 21] left in Bag
INFO:root: [15, 19, 24, 18, 17, 9, 13, 25, 12, 20, 10, 1, 8, 2, 4, 3, 22, 14, 23, 7, 11, 6] on Table
INFO:root: Button pressed: 1
INFO:root: Bo4ka #5 removed from Bag
INFO:root: [16, 21] left in Bag
INFO:root: [15, 19, 24, 18, 17, 9, 13, 25, 12, 20, 10, 1, 8, 2, 4, 3, 22, 14, 23, 7, 11, 6, 5] on Table
INFO:root: Button pressed: 1
INFO:root: Bo4ka #21 removed from Bag
INFO:root: [16] left in Bag
INFO:root: [15, 19, 24, 18, 17, 9, 13, 25, 12, 20, 10, 1, 8, 2, 4, 3, 22, 14, 23, 7, 11, 6, 5, 21] on Table
INFO:root: Button pressed: 1
INFO:root: Bo4ka #16 removed from Bag
INFO:root: [] left in Bag
INFO:root: [15, 19, 24, 18, 17, 9, 13, 25, 12, 20, 10, 1, 8, 2, 4, 3, 22, 14, 23, 7, 11, 6, 5, 21, 16] on Table
INFO:root: Bag is empty :(
